<?xml version="1.0" encoding="UTF-8"?>
<testsuite xmlns:xsi="http://www.w3.org/2001/XMLSchema-instance" xsi:noNamespaceSchemaLocation="https://maven.apache.org/surefire/maven-surefire-plugin/xsd/surefire-test-report.xsd" name="credit_card.VerifyCCNumTests" time="0.045" tests="5" errors="0" skipped="0" failures="0">
  <properties>
[...]
</properties>
  <testcase name="VerifyDiscoverCCTest" classname="credit_card.VerifyCCNumTests" time="0.008"/>
  <testcase name="verifyMasterCCTest" classname="credit_card.VerifyCCNumTests" time="0.015"/>
  <testcase name="verifyInvalidCCTest" classname="credit_card.VerifyCCNumTests" time="0.003"/>
  <testcase name="verifyVisaCCTest" classname="credit_card.VerifyCCNumTests" time="0.006"/>
  <testcase name="VerifyAmExCCTest" classname="credit_card.VerifyCCNumTests" time="0.004"/>
</testsuite>